<?xml version="1.0" encoding="UTF-8"?>
<!-- Generated by org.testng.reporters.JUnitReportReporter -->
<testsuite hostname="Balajis-MBP.lan" failures="0" tests="1" name="pro_gitbranch.pro2.RepalceIs" time="0.006" errors="0" timestamp="2022-12-08T15:29:55 CST" skipped="0">
  <testcase classname="pro_gitbranch.pro2.RepalceIs" name="test4" time="0.006"/>
  <system-out/>
</testsuite> <!-- pro_gitbranch.pro2.RepalceIs -->
