<?xml version="1.0" encoding="UTF-8"?>
<!-- Generated by org.testng.reporters.JUnitReportReporter -->
<testsuite hostname="Balajis-MBP.lan" failures="0" tests="1" name="pro_gitbranch.pro1.LargestBlock" time="0.006" errors="0" timestamp="2022-12-08T14:27:28 CST" skipped="0">
  <testcase classname="pro_gitbranch.pro1.LargestBlock" name="test1" time="0.006"/>
  <system-out/>
</testsuite> <!-- pro_gitbranch.pro1.LargestBlock -->
